make all --print-data-base --no-builtin-variables --no-builtin-rules --question
# GNU Make 4.3
# Built for x86_64-pc-linux-gnu
# Copyright (C) 1988-2020 Free Software Foundation, Inc.
# License GPLv3+: GNU GPL version 3 or later <http://gnu.org/licenses/gpl.html>
# This is free software: you are free to change and redistribute it.
# There is NO WARRANTY, to the extent permitted by law.

# Make data base, printed on Sun May 22 17:28:29 2022

# Variables

# makefile (from 'Makefile', line 7)
OBJ = ${SRC:.c=.o}
# environment
GDK_BACKEND = x11
# environment
LC_ALL = C
# environment
NO_AT_BRIDGE = 1
# makefile (from 'Makefile', line 6)
SRC = drw.c dwm.c util.c
# makefile (from 'config.mk', line 19)
FREETYPEINC = /usr/include/freetype2
# environment
VSCODE_IPC_HOOK_EXTHOST = /run/user/1000/vscode-ipc-43f8f0c0-e104-4e5d-ab93-6bf45393cfb2.sock
# environment
VSCODE_CWD = /home/david
# environment
WINDOWPATH = 1
# makefile (from 'config.mk', line 25)
LIBS = -L${X11LIB} -lX11 ${XINERAMALIBS} ${FREETYPELIBS}
# default
MAKE_COMMAND := make
# automatic
@D = $(patsubst %/,%,$(dir $@))
# environment
VSCODE_HANDLES_UNCAUGHT_ERRORS = true
# default
.VARIABLES := 
# environment
PWD = /home/david/Files/Projects/untitled_void_project/dwm
# automatic
%D = $(patsubst %/,%,$(dir $%))
# environment
MAIL = /var/spool/mail/david
# environment
OLDPWD = /home/david
# automatic
^D = $(patsubst %/,%,$(dir $^))
# environment
VSCODE_LOG_STACK = false
# automatic
%F = $(notdir $%)
# makefile (from 'config.mk', line 18)
FREETYPELIBS = -lfontconfig -lXft
# environment
VSCODE_CODE_CACHE_PATH = /home/david/.config/Code/CachedData/da15b6fd3ef856477bf6f4fb29ba1b7af717770d
# environment
LANG = C
# environment
XAUTHORITY = /home/david/.Xauthority
# default
.LOADED := 
# default
.INCLUDE_DIRS = /usr/include /usr/local/include /usr/include
# makefile
MAKEFLAGS = pqrR
# makefile
CURDIR := /home/david/Files/Projects/untitled_void_project/dwm
# environment
VSCODE_PIPE_LOGGING = true
# environment
APPLICATION_INSIGHTS_NO_DIAGNOSTIC_CHANNEL = true
# automatic
*D = $(patsubst %/,%,$(dir $*))
# makefile (from 'config.mk', line 2)
VERSION = 6.3
# environment
MFLAGS = -pqrR
# default
.SHELLFLAGS := -c
# automatic
+D = $(patsubst %/,%,$(dir $+))
# makefile (from 'config.mk', line 1)
MAKEFILE_LIST := Makefile config.mk
# automatic
@F = $(notdir $@)
# environment
VSCODE_VERBOSE_LOGGING = true
# environment
VSCODE_PID = 57303
# environment
XDG_SESSION_TYPE = tty
# automatic
?D = $(patsubst %/,%,$(dir $?))
# automatic
*F = $(notdir $*)
# environment
CHROME_DESKTOP = code-url-handler.desktop
# environment
DBUS_SESSION_BUS_ADDRESS = unix:abstract=/tmp/dbus-N75kEomODM,guid=065835059739342976a0a732628a4901
# automatic
<D = $(patsubst %/,%,$(dir $<))
# environment
VSCODE_NLS_CONFIG = {"locale":"en-us","availableLanguages":{},"_languagePackSupport":true}
# default
MAKE_HOST := x86_64-pc-linux-gnu
# makefile
SHELL = /bin/sh
# default
MAKECMDGOALS := all
# environment
SHLVL = 4
# environment
MAKELEVEL := 0
# environment
DBUS_SESSION_BUS_PID = 834
# default
MAKE = $(MAKE_COMMAND)
# environment
PATH = /home/david/.local/bin:/home/david/Files/Scripts:/usr/local/sbin:/usr/local/bin:/usr/bin:/usr/lib/jvm/default/bin:/usr/bin/site_perl:/usr/bin/vendor_perl:/usr/bin/core_perl
# default
MAKEFILES := 
# environment
MOTD_SHOWN = pam
# automatic
^F = $(notdir $^)
# makefile (from 'config.mk', line 15)
XINERAMAFLAGS = -DXINERAMA
# makefile (from 'config.mk', line 7)
PREFIX = /usr/local
# environment
XDG_CONFIG_HOME = /home/david/.config/
# environment
INVOCATION_ID = 8ce6635a0d98406c874c4ebe85680700
# makefile (from 'config.mk', line 24)
INCS = -I${X11INC} -I${FREETYPEINC}
# environment
VSCODE_LOG_NATIVE = false
# automatic
?F = $(notdir $?)
# environment
XDG_SEAT = seat0
# automatic
+F = $(notdir $+)
# environment
ORIGINAL_XDG_CURRENT_DESKTOP = undefined
# 'override' directive
GNUMAKEFLAGS := 
# environment
TerminalEmulator = st
# environment
LOGNAME = david
# makefile (from 'config.mk', line 10)
X11INC = /usr/X11R6/include
# makefile (from 'config.mk', line 28)
CPPFLAGS = -D_DEFAULT_SOURCE -D_BSD_SOURCE -D_POSIX_C_SOURCE=200809L -DVERSION=\"${VERSION}\" ${XINERAMAFLAGS}
# environment
XDG_VTNR = 1
# makefile
.DEFAULT_GOAL := all
# environment
SYSTEMD_EXEC_PID = 718
# environment
DISPLAY = :0
# environment
USER = david
# default
MAKE_VERSION := 4.3
# makefile (from 'config.mk', line 31)
LDFLAGS = ${LIBS}
# environment
_ = /usr/bin/make
# environment
XDG_RUNTIME_DIR = /run/user/1000
# makefile (from 'config.mk', line 30)
CFLAGS = -std=c99 -pedantic -Wall -Wno-deprecated-declarations -Os ${INCS} ${CPPFLAGS}
# environment
VISUAL = /usr/bin/vim
# environment
XDG_SESSION_CLASS = user
# environment
VSCODE_AMD_ENTRYPOINT = vs/workbench/api/node/extensionHostProcess
# environment
HOME = /home/david
# makefile (from 'config.mk', line 8)
MANPREFIX = ${PREFIX}/share/man
# environment
ELECTRON_RUN_AS_NODE = 1
# environment
VSCODE_IPC_HOOK = /run/user/1000/vscode-10a394bb-1.67.1-main.sock
# environment
TERM = linux
# environment
XDG_SESSION_ID = 1
# default
.RECIPEPREFIX := 
# automatic
<F = $(notdir $<)
# default
SUFFIXES := 
# makefile (from 'config.mk', line 11)
X11LIB = /usr/X11R6/lib
# environment
LESSHISTFILE = -
# environment
VSCODE_CLI = 1
# environment
ELECTRON_NO_ATTACH_CONSOLE = 1
# default
.FEATURES := target-specific order-only second-expansion else-if shortest-stem undefine oneshell nocomment grouped-target extra-prereqs archives jobserver output-sync check-symlink guile load
# makefile (from 'config.mk', line 38)
CC = cc
# makefile (from 'config.mk', line 14)
XINERAMALIBS = -lXinerama
# variable set hash-table stats:
# Load=102/1024=10%, Rehash=0, Collisions=18/154=12%

# Pattern-specific Variable Values

# No pattern-specific variable values.

# Directories

# . (device 66312, inode 6423205): 21 files, no impossibilities.

# 21 files, no impossibilities in 1 directories.

# Implicit Rules

# No implicit rules.

# Files

dist: clean
#  Phony target (prerequisite of .PHONY).
#  Implicit rule search has not been done.
#  File does not exist.
#  File has not been updated.
#  recipe to execute (from 'Makefile', line 32):
	mkdir -p dwm-${VERSION}
	cp -R LICENSE Makefile README config.def.h config.mk\
		dwm.1 drw.h util.h ${SRC} dwm.png transient.c dwm-${VERSION}
	tar -cf dwm-${VERSION}.tar dwm-${VERSION}
	gzip dwm-${VERSION}.tar
	rm -rf dwm-${VERSION}

.c.o:
#  Implicit rule search has not been done.
#  Modification time never checked.
#  File has not been updated.
#  recipe to execute (from 'Makefile', line 18):
	${CC} -c ${CFLAGS} $<

dwm: drw.o dwm.o util.o
#  Implicit rule search has not been done.
#  Modification time never checked.
#  File has not been updated.
#  recipe to execute (from 'Makefile', line 26):
	${CC} -o $@ ${OBJ} ${LDFLAGS}

# Not a target:
Makefile:
#  Implicit rule search has been done.
#  Last modified 2022-05-22 17:28:25.316020008
#  File has been updated.
#  Successfully updated.

dwm.o: config.h config.mk
#  Implicit rule search has not been done.
#  Modification time never checked.
#  File has not been updated.

util.o: config.h config.mk
#  Implicit rule search has not been done.
#  Modification time never checked.
#  File has not been updated.

uninstall:
#  Phony target (prerequisite of .PHONY).
#  Implicit rule search has not been done.
#  File does not exist.
#  File has not been updated.
#  recipe to execute (from 'Makefile', line 48):
	rm -f ${DESTDIR}${PREFIX}/bin/dwm\
		${DESTDIR}${MANPREFIX}/man1/dwm.1

clean:
#  Phony target (prerequisite of .PHONY).
#  Implicit rule search has not been done.
#  File does not exist.
#  File has not been updated.
#  recipe to execute (from 'Makefile', line 29):
	rm -f dwm ${OBJ} dwm-${VERSION}.tar.gz

# Not a target:
 
.DEFAULT:
#  Implicit rule search has not been done.
#  Modification time never checked.
#  File has not been updated.

drw.o: config.h config.mk
#  Implicit rule search has not been done.
#  Modification time never checked.
#  File has not been updated.

all: options dwm
#  Phony target (prerequisite of .PHONY).
#  Command line target.
#  Implicit rule search has not been done.
#  File does not exist.
#  File has been updated.
#  Needs to be updated (-q is set).
# variable set hash-table stats:
# Load=0/32=0%, Rehash=0, Collisions=0/16=0%

# Not a target:
config.mk:
#  Implicit rule search has been done.
#  Last modified 2022-05-22 17:28:25.316020008
#  File has been updated.
#  Successfully updated.

config.h:
#  Implicit rule search has not been done.
#  Modification time never checked.
#  File has not been updated.
#  recipe to execute (from 'Makefile', line 23):
	cp config.def.h $@

install: all
#  Phony target (prerequisite of .PHONY).
#  Implicit rule search has not been done.
#  File does not exist.
#  File has not been updated.
#  recipe to execute (from 'Makefile', line 40):
	mkdir -p ${DESTDIR}${PREFIX}/bin
	cp -f dwm ${DESTDIR}${PREFIX}/bin
	chmod 755 ${DESTDIR}${PREFIX}/bin/dwm
	mkdir -p ${DESTDIR}${MANPREFIX}/man1
	sed "s/VERSION/${VERSION}/g" < dwm.1 > ${DESTDIR}${MANPREFIX}/man1/dwm.1
	chmod 644 ${DESTDIR}${MANPREFIX}/man1/dwm.1

# Not a target:
.SUFFIXES:
#  Implicit rule search has not been done.
#  Modification time never checked.
#  File has not been updated.

.PHONY: all options clean dist install uninstall
#  Implicit rule search has not been done.
#  Modification time never checked.
#  File has not been updated.

options:
#  Phony target (prerequisite of .PHONY).
#  Implicit rule search has not been done.
#  Implicit/static pattern stem: ''
#  File does not exist.
#  File has been updated.
#  Needs to be updated (-q is set).
# automatic
# @ := options
# automatic
# * := 
# automatic
# < := 
# automatic
# + := 
# automatic
# % := 
# automatic
# ^ := 
# automatic
# ? := 
# automatic
# | := 
# variable set hash-table stats:
# Load=8/32=25%, Rehash=0, Collisions=11/24=46%
#  recipe to execute (from 'Makefile', line 12):
	@echo dwm build options:
	@echo "CFLAGS   = ${CFLAGS}"
	@echo "LDFLAGS  = ${LDFLAGS}"
	@echo "CC       = ${CC}"

# files hash-table stats:
# Load=17/1024=2%, Rehash=0, Collisions=0/48=0%
# VPATH Search Paths

# No 'vpath' search paths.

# No general ('VPATH' variable) search path.

# strcache buffers: 1 (0) / strings = 37 / storage = 297 B / avg = 8 B
# current buf: size = 8162 B / used = 297 B / count = 37 / avg = 8 B

# strcache performance: lookups = 74 / hit rate = 50%
# hash-table stats:
# Load=37/8192=0%, Rehash=0, Collisions=0/74=0%
# Finished Make data base on Sun May 22 17:28:29 2022

 
